<?xml version="1.0" encoding="UTF-8"?>
<!-- Generated by org.testng.reporters.JUnitReportReporter -->
<testsuite hostname="vend-jahanzaib" failures="0" tests="3" name="testCases.LoginTests" time="37.084" errors="0" timestamp="5 Nov 2020 11:38:02 GMT">
  <testcase classname="testCases.LoginTests" name="ListBoxDemo" time="11.675"/>
  <testcase classname="testCases.LoginTests" name="Scrolling" time="20.498"/>
  <testcase classname="testCases.LoginTests" name="SampleTestCase" time="4.911"/>
</testsuite> <!-- testCases.LoginTests -->
