<?xml version="1.0" encoding="UTF-8"?>
<!-- Generated by org.testng.reporters.JUnitReportReporter -->
<testsuite hostname="vend-jahanzaib" failures="0" tests="3" name="testCases.TrainingSession" time="26.387" errors="0" timestamp="5 Nov 2020 11:38:02 GMT">
  <testcase classname="testCases.TrainingSession" name="JavaScriptAlert" time="13.799"/>
  <testcase classname="testCases.TrainingSession" name="AlertWindow" time="5.253"/>
  <testcase classname="testCases.TrainingSession" name="Slider" time="7.335"/>
</testsuite> <!-- testCases.TrainingSession -->
