<?xml version="1.0" encoding="UTF-8"?>
<!-- Generated by org.testng.reporters.JUnitReportReporter -->
<testsuite hostname="vend-jahanzaib" failures="0" tests="3" name="testCases.LoginTests" time="32.106" errors="0" timestamp="16 Nov 2020 13:24:51 GMT">
  <testcase classname="testCases.LoginTests" name="SampleTestCase" time="4.009"/>
  <testcase classname="testCases.LoginTests" name="ListBoxDemo" time="10.815"/>
  <testcase classname="testCases.LoginTests" name="Scrolling" time="17.282"/>
</testsuite> <!-- testCases.LoginTests -->
